Using pre-set license
Built from '2021.3/staging' branch; Version is '2021.3.6f1 (7da38d85baf6) revision 8233869'; Using compiler version '192829333'; Build Type 'Release'
OS: 'Windows 11  (10.0.22621) 64bit CoreSingleLanguage' Language: 'en' Physical Memory: 8013 MB
BatchMode: 1, IsHumanControllingUs: 0, StartBugReporterOnCrash: 0, Is64bit: 1, IsPro: 1

COMMAND LINE ARGUMENTS:
C:\Program Files\Unity\Hub\Editor\2021.3.6f1\Editor\Unity.exe
-adb2
-batchMode
-noUpm
-name
AssetImportWorker1
-projectPath
D:/UnityEdit/gameProject
-logFile
Logs/AssetImportWorker1.log
-srvPort
64492
Successfully changed project path to: D:/UnityEdit/gameProject
D:/UnityEdit/gameProject
[UnityMemory] Configuration Parameters - Can be set up in boot.config
    "memorysetup-bucket-allocator-granularity=16"
    "memorysetup-bucket-allocator-bucket-count=8"
    "memorysetup-bucket-allocator-block-size=33554432"
    "memorysetup-bucket-allocator-block-count=8"
    "memorysetup-main-allocator-block-size=16777216"
    "memorysetup-thread-allocator-block-size=16777216"
    "memorysetup-gfx-main-allocator-block-size=16777216"
    "memorysetup-gfx-thread-allocator-block-size=16777216"
    "memorysetup-cache-allocator-block-size=4194304"
    "memorysetup-typetree-allocator-block-size=2097152"
    "memorysetup-profiler-bucket-allocator-granularity=16"
    "memorysetup-profiler-bucket-allocator-bucket-count=8"
    "memorysetup-profiler-bucket-allocator-block-size=33554432"
    "memorysetup-profiler-bucket-allocator-block-count=8"
    "memorysetup-profiler-allocator-block-size=16777216"
    "memorysetup-profiler-editor-allocator-block-size=1048576"
    "memorysetup-temp-allocator-size-main=16777216"
    "memorysetup-job-temp-allocator-block-size=2097152"
    "memorysetup-job-temp-allocator-block-size-background=1048576"
    "memorysetup-job-temp-allocator-reduction-small-platforms=262144"
    "memorysetup-temp-allocator-size-background-worker=32768"
    "memorysetup-temp-allocator-size-job-worker=262144"
    "memorysetup-temp-allocator-size-preload-manager=33554432"
    "memorysetup-temp-allocator-size-nav-mesh-worker=65536"
    "memorysetup-temp-allocator-size-audio-worker=65536"
    "memorysetup-temp-allocator-size-cloud-worker=32768"
    "memorysetup-temp-allocator-size-gi-baking-worker=262144"
    "memorysetup-temp-allocator-size-gfx=262144"
Refreshing native plugins compatible for Editor in 114.40 ms, found 3 plugins.
Preloading 0 native plugins for Editor in 0.00 ms.
Initialize engine version: 2021.3.6f1 (7da38d85baf6)
[Subsystems] Discovering subsystems at path C:/Program Files/Unity/Hub/Editor/2021.3.6f1/Editor/Data/Resources/UnitySubsystems
[Subsystems] Discovering subsystems at path D:/UnityEdit/gameProject/Assets
GfxDevice: creating device client; threaded=0; jobified=0
Direct3D:
    Version:  Direct3D 11.0 [level 11.1]
    Renderer: NVIDIA GeForce GTX 1650 with Max-Q Design (ID=0x1f9d)
    Vendor:   NVIDIA
    VRAM:     3962 MB
    Driver:   31.0.15.1659
Initialize mono
Mono path[0] = 'C:/Program Files/Unity/Hub/Editor/2021.3.6f1/Editor/Data/Managed'
Mono path[1] = 'C:/Program Files/Unity/Hub/Editor/2021.3.6f1/Editor/Data/MonoBleedingEdge/lib/mono/unityjit-win32'
Mono config path = 'C:/Program Files/Unity/Hub/Editor/2021.3.6f1/Editor/Data/MonoBleedingEdge/etc'
Using monoOptions --debugger-agent=transport=dt_socket,embedding=1,server=y,suspend=n,address=127.0.0.1:56096
Begin MonoManager ReloadAssembly
Registering precompiled unity dll's ...
Register platform support module: C:/Program Files/Unity/Hub/Editor/2021.3.6f1/Editor/Data/PlaybackEngines/AndroidPlayer/UnityEditor.Android.Extensions.dll
Register platform support module: C:/Program Files/Unity/Hub/Editor/2021.3.6f1/Editor/Data/PlaybackEngines/WindowsStandaloneSupport/UnityEditor.WindowsStandalone.Extensions.dll
Registered in 0.005638 seconds.
Native extension for WindowsStandalone target not found
Native extension for Android target not found
Refreshing native plugins compatible for Editor in 116.26 ms, found 3 plugins.
Preloading 0 native plugins for Editor in 0.00 ms.
Mono: successfully reloaded assembly
- Completed reload, in  0.848 seconds
Domain Reload Profiling:
	ReloadAssembly (849ms)
		BeginReloadAssembly (78ms)
			ExecutionOrderSort (0ms)
			DisableScriptedObjects (0ms)
			BackupInstance (0ms)
			ReleaseScriptingObjects (0ms)
			CreateAndSetChildDomain (1ms)
		EndReloadAssembly (650ms)
			LoadAssemblies (77ms)
			RebuildTransferFunctionScriptingTraits (0ms)
			SetupTypeCache (121ms)
			ReleaseScriptCaches (0ms)
			RebuildScriptCaches (30ms)
			SetupLoadedEditorAssemblies (442ms)
				LogAssemblyErrors (0ms)
				InitializePlatformSupportModulesInManaged (62ms)
				SetLoadedEditorAssemblies (0ms)
				RefreshPlugins (116ms)
				BeforeProcessingInitializeOnLoad (1ms)
				ProcessInitializeOnLoadAttributes (167ms)
				ProcessInitializeOnLoadMethodAttributes (96ms)
				AfterProcessingInitializeOnLoad (0ms)
				EditorAssembliesLoaded (0ms)
			ExecutionOrderSort2 (0ms)
			AwakeInstancesAfterBackupRestoration (0ms)
Platform modules already initialized, skipping
Registering precompiled user dll's ...
Registered in 0.005521 seconds.
Android Extension - Scanning For ADB Devices 4253 ms
Begin MonoManager ReloadAssembly
Symbol file LoadedFromMemory doesn't match image D:\UnityEdit\gameProject\Library\PackageCache\com.unity.visualscripting@1.7.8\Editor\VisualScripting.Core\Dependencies\YamlDotNet\Unity.VisualScripting.YamlDotNet.dll
Symbol file LoadedFromMemory doesn't match image D:\UnityEdit\gameProject\Library\PackageCache\com.unity.visualscripting@1.7.8\Editor\VisualScripting.Core\Dependencies\DotNetZip\Unity.VisualScripting.IonicZip.dll
Native extension for WindowsStandalone target not found
Native extension for Android target not found
Refreshing native plugins compatible for Editor in 101.47 ms, found 3 plugins.
Preloading 0 native plugins for Editor in 0.00 ms.
Mono: successfully reloaded assembly
- Completed reload, in  3.523 seconds
Domain Reload Profiling:
	ReloadAssembly (3523ms)
		BeginReloadAssembly (94ms)
			ExecutionOrderSort (0ms)
			DisableScriptedObjects (5ms)
			BackupInstance (0ms)
			ReleaseScriptingObjects (0ms)
			CreateAndSetChildDomain (18ms)
		EndReloadAssembly (3281ms)
			LoadAssemblies (2307ms)
			RebuildTransferFunctionScriptingTraits (0ms)
			SetupTypeCache (260ms)
			ReleaseScriptCaches (1ms)
			RebuildScriptCaches (55ms)
			SetupLoadedEditorAssemblies (570ms)
				LogAssemblyErrors (0ms)
				InitializePlatformSupportModulesInManaged (11ms)
				SetLoadedEditorAssemblies (0ms)
				RefreshPlugins (102ms)
				BeforeProcessingInitializeOnLoad (106ms)
				ProcessInitializeOnLoadAttributes (258ms)
				ProcessInitializeOnLoadMethodAttributes (87ms)
				AfterProcessingInitializeOnLoad (6ms)
				EditorAssembliesLoaded (0ms)
			ExecutionOrderSort2 (0ms)
			AwakeInstancesAfterBackupRestoration (5ms)
Platform modules already initialized, skipping
========================================================================
Worker process is ready to serve import requests
Launched and connected shader compiler UnityShaderCompiler.exe after 0.04 seconds
Refreshing native plugins compatible for Editor in 1.18 ms, found 3 plugins.
Preloading 0 native plugins for Editor in 0.00 ms.
Unloading 5019 Unused Serialized files (Serialized files now loaded: 0)
Unloading 34 unused Assets / (0.7 MB). Loaded Objects now: 5471.
Memory consumption went from 195.7 MB to 195.0 MB.
Total: 4.089400 ms (FindLiveObjects: 0.449600 ms CreateObjectMapping: 0.483700 ms MarkObjects: 2.885900 ms  DeleteObjects: 0.269300 ms)

AssetImportParameters requested are different than current active one (requested -> active):
  custom:video-decoder-ogg-theora: a1e56fd34408186e4bbccfd4996cb3dc -> 
  custom:container-muxer-webm: aa71ff27fc2769a1b78a27578f13a17b -> 
  custom:container-demuxer-webm: 4f35f7cbe854078d1ac9338744f61a02 -> 
  custom:video-encoder-webm-vp8: eb34c28f22e8b96e1ab97ce403110664 -> 
  custom:audio-encoder-webm-vorbis: bf7c407c2cedff20999df2af8eb42d56 -> 
  custom:framework-win-MediaFoundation: 216162199b28c13a410421893ffa2e32 -> 
  custom:container-demuxer-ogg: 62fdf1f143b41e24485cea50d1cbac27 -> 
  custom:video-decoder-webm-vp8: 9c59270c3fd7afecdb556c50c9e8de78 -> 
  custom:audio-decoder-ogg-vorbis: bf7c407c2cedff20999df2af8eb42d56 -> 
========================================================================
Received Import Request.
  Time since last request: 826.977645 seconds.
  path: Assets/UniversalRenderPipelineGlobalSettings.asset
  artifactKey: Guid(18dc0cd2c080841dea60987a38ce93fa) Importer(815301076,1909f56bfc062723c751e8b465ee728b)
Start importing Assets/UniversalRenderPipelineGlobalSettings.asset using Guid(18dc0cd2c080841dea60987a38ce93fa) Importer(815301076,1909f56bfc062723c751e8b465ee728b)  -> (artifact id: '2eecc253734895facb66926253515a97') in 0.058142 seconds 
========================================================================
Received Import Request.
  Time since last request: 209.065518 seconds.
  path: Assets/Player/ninja/basicJump.fbx
  artifactKey: Guid(18a6ee78196af50419ab9db4ae300541) Importer(815301076,1909f56bfc062723c751e8b465ee728b)
Start importing Assets/Player/ninja/basicJump.fbx using Guid(18a6ee78196af50419ab9db4ae300541) Importer(815301076,1909f56bfc062723c751e8b465ee728b)  -> (artifact id: 'fe111c9acf543438de6496120813aa94') in 0.066834 seconds 
========================================================================
Received Import Request.
  Time since last request: 0.000041 seconds.
  path: Assets/Player/ninja/chapatiflips&throw_spell.fbx
  artifactKey: Guid(be6fffdd0f5448542844fb74c14d9c76) Importer(815301076,1909f56bfc062723c751e8b465ee728b)
Start importing Assets/Player/ninja/chapatiflips&throw_spell.fbx using Guid(be6fffdd0f5448542844fb74c14d9c76) Importer(815301076,1909f56bfc062723c751e8b465ee728b)  -> (artifact id: '7689e914960dfe8a84152bd93dae960a') in 0.084872 seconds 
========================================================================
Received Import Request.
  Time since last request: 0.000028 seconds.
  path: Assets/Player/ninja/Y Bot@Standing Melee Run Jump Attack.fbx
  artifactKey: Guid(77bc244ec27ba4a4a8a382f0286d03bf) Importer(815301076,1909f56bfc062723c751e8b465ee728b)
Start importing Assets/Player/ninja/Y Bot@Standing Melee Run Jump Attack.fbx using Guid(77bc244ec27ba4a4a8a382f0286d03bf) Importer(815301076,1909f56bfc062723c751e8b465ee728b)  -> (artifact id: '1ae935fcbbd1f0c16e14e4d9e648afbc') in 0.013179 seconds 
========================================================================
Received Import Request.
  Time since last request: 0.000024 seconds.
  path: Assets/Player/ninja/headHitDead.fbx
  artifactKey: Guid(c5bb0bd4724f9b24dab8d53c82c0c505) Importer(815301076,1909f56bfc062723c751e8b465ee728b)
Start importing Assets/Player/ninja/headHitDead.fbx using Guid(c5bb0bd4724f9b24dab8d53c82c0c505) Importer(815301076,1909f56bfc062723c751e8b465ee728b)  -> (artifact id: 'b1c7b9a44ab7dc38dfe56164ff2e907e') in 0.010360 seconds 
========================================================================
Received Import Request.
  Time since last request: 0.000020 seconds.
  path: Assets/Player/ninja/blockIdle.fbx
  artifactKey: Guid(67edaa3f6ddb21044b6cd75665f1ab21) Importer(815301076,1909f56bfc062723c751e8b465ee728b)
Start importing Assets/Player/ninja/blockIdle.fbx using Guid(67edaa3f6ddb21044b6cd75665f1ab21) Importer(815301076,1909f56bfc062723c751e8b465ee728b)  -> (artifact id: '08bc2711c666e0d1d56e4bb973aa6f26') in 0.013763 seconds 
========================================================================
Received Import Request.
  Time since last request: 0.000030 seconds.
  path: Assets/Player/ninja/Y Bot@Uppercut Jab.fbx
  artifactKey: Guid(95b6eee42f156a84cbc69c9dd749c262) Importer(815301076,1909f56bfc062723c751e8b465ee728b)
Start importing Assets/Player/ninja/Y Bot@Uppercut Jab.fbx using Guid(95b6eee42f156a84cbc69c9dd749c262) Importer(815301076,1909f56bfc062723c751e8b465ee728b)  -> (artifact id: '6733d447a11ea1f501ac402ec3d139b8') in 0.013313 seconds 
========================================================================
Received Import Request.
  Time since last request: 0.000046 seconds.
  path: Assets/Player/ninja/ninjaRunJump.fbx
  artifactKey: Guid(bd6c45803d3ea45458b4ae7e0ec3ad77) Importer(815301076,1909f56bfc062723c751e8b465ee728b)
Start importing Assets/Player/ninja/ninjaRunJump.fbx using Guid(bd6c45803d3ea45458b4ae7e0ec3ad77) Importer(815301076,1909f56bfc062723c751e8b465ee728b)  -> (artifact id: '3f1459927369c9e73ca562d41abef211') in 0.010763 seconds 
========================================================================
Received Import Request.
  Time since last request: 0.000019 seconds.
  path: Assets/Player/ninja/throwShuriken.fbx
  artifactKey: Guid(185b949274f2d8f46936d9dad6eb186d) Importer(815301076,1909f56bfc062723c751e8b465ee728b)
Start importing Assets/Player/ninja/throwShuriken.fbx using Guid(185b949274f2d8f46936d9dad6eb186d) Importer(815301076,1909f56bfc062723c751e8b465ee728b)  -> (artifact id: '5c3dc92f3ba069f116462cc4a04aadb3') in 0.013387 seconds 
========================================================================
Received Import Request.
  Time since last request: 0.000037 seconds.
  path: Assets/Player/ninja/swirlKick.fbx
  artifactKey: Guid(98fba860ffc5fc747ac6c8e1dc588433) Importer(815301076,1909f56bfc062723c751e8b465ee728b)
Start importing Assets/Player/ninja/swirlKick.fbx using Guid(98fba860ffc5fc747ac6c8e1dc588433) Importer(815301076,1909f56bfc062723c751e8b465ee728b)  -> (artifact id: '51b94ce4055685267591d122d5f04c08') in 0.014507 seconds 
========================================================================
Received Import Request.
  Time since last request: 0.000030 seconds.
  path: Assets/Player/ninja/ninjaRun.fbx
  artifactKey: Guid(f389314cd2d8f7b40b5e4aee828963e9) Importer(815301076,1909f56bfc062723c751e8b465ee728b)
Start importing Assets/Player/ninja/ninjaRun.fbx using Guid(f389314cd2d8f7b40b5e4aee828963e9) Importer(815301076,1909f56bfc062723c751e8b465ee728b)  -> (artifact id: 'f967845fa0d628e070b7a71a2aee2f47') in 0.011928 seconds 
========================================================================
Received Import Request.
  Time since last request: 0.000030 seconds.
  path: Assets/Player/ninja/ninjaTpose.fbx
  artifactKey: Guid(2955f78150fed524e97802686943762c) Importer(815301076,1909f56bfc062723c751e8b465ee728b)
Start importing Assets/Player/ninja/ninjaTpose.fbx using Guid(2955f78150fed524e97802686943762c) Importer(815301076,1909f56bfc062723c751e8b465ee728b)  -> (artifact id: 'eb9e98559d435b30ceea136082354403') in 5.073729 seconds 
========================================================================
Received Import Request.
  Time since last request: 118.291351 seconds.
  path: Assets/Player/ninja/ninjaTpose.fbx
  artifactKey: Guid(2955f78150fed524e97802686943762c) Importer(815301076,1909f56bfc062723c751e8b465ee728b)
Start importing Assets/Player/ninja/ninjaTpose.fbx using Guid(2955f78150fed524e97802686943762c) Importer(815301076,1909f56bfc062723c751e8b465ee728b)  -> (artifact id: '66e35b2d0497563afcafd54c2ab8a14a') in 0.406028 seconds 
========================================================================
Received Import Request.
  Time since last request: 185.669726 seconds.
  path: Assets/Player/ninja/Ch24_1001_Diffuse.png
  artifactKey: Guid(85366641f344bac40ade98837214d204) Importer(815301076,1909f56bfc062723c751e8b465ee728b)
Start importing Assets/Player/ninja/Ch24_1001_Diffuse.png using Guid(85366641f344bac40ade98837214d204) Importer(815301076,1909f56bfc062723c751e8b465ee728b)  -> (artifact id: 'a3956c50e45d42cf0f0939abe059d254') in 0.058978 seconds 
========================================================================
Received Import Request.
  Time since last request: 0.000052 seconds.
  path: Assets/Player/ninja/Ch24_1001_Normal.png
  artifactKey: Guid(f4ac6820e4f535f42b07f85e7ce41368) Importer(815301076,1909f56bfc062723c751e8b465ee728b)
Start importing Assets/Player/ninja/Ch24_1001_Normal.png using Guid(f4ac6820e4f535f42b07f85e7ce41368) Importer(815301076,1909f56bfc062723c751e8b465ee728b)  -> (artifact id: 'ea53c22e732e1c3d655b50ee7b314e5f') in 0.025340 seconds 
========================================================================
Received Import Request.
  Time since last request: 0.000050 seconds.
  path: Assets/Player/ninja/Ch24_1001_Glossiness.png
  artifactKey: Guid(7093f4731c9290b4cb2cd4a347e52157) Importer(815301076,1909f56bfc062723c751e8b465ee728b)
Start importing Assets/Player/ninja/Ch24_1001_Glossiness.png using Guid(7093f4731c9290b4cb2cd4a347e52157) Importer(815301076,1909f56bfc062723c751e8b465ee728b)  -> (artifact id: '7d49bd96d8c8ea9d5973590b122bec76') in 0.019351 seconds 
========================================================================
Received Import Request.
  Time since last request: 0.000046 seconds.
  path: Assets/Player/ninja/Ch24_1001_Specular.png
  artifactKey: Guid(3d9029a590781574b8eff2ae5c56ce2b) Importer(815301076,1909f56bfc062723c751e8b465ee728b)
Start importing Assets/Player/ninja/Ch24_1001_Specular.png using Guid(3d9029a590781574b8eff2ae5c56ce2b) Importer(815301076,1909f56bfc062723c751e8b465ee728b)  -> (artifact id: '76e7dd362926b07a869b49c4d074cf8a') in 0.017892 seconds 
========================================================================
Received Import Request.
  Time since last request: 10.487308 seconds.
  path: Assets/Player/ninja/ninjaTpose.fbx
  artifactKey: Guid(2955f78150fed524e97802686943762c) Importer(815301076,1909f56bfc062723c751e8b465ee728b)
Start importing Assets/Player/ninja/ninjaTpose.fbx using Guid(2955f78150fed524e97802686943762c) Importer(815301076,1909f56bfc062723c751e8b465ee728b)  -> (artifact id: '2baba578f4e2642be1ecb2ae53ac3f18') in 1.343954 seconds 
========================================================================
Received Prepare
Registering precompiled user dll's ...
Registered in 0.003581 seconds.
Begin MonoManager ReloadAssembly
Symbol file LoadedFromMemory doesn't match image D:\UnityEdit\gameProject\Library\PackageCache\com.unity.visualscripting@1.7.8\Editor\VisualScripting.Core\Dependencies\YamlDotNet\Unity.VisualScripting.YamlDotNet.dll
Symbol file LoadedFromMemory doesn't match image D:\UnityEdit\gameProject\Library\PackageCache\com.unity.visualscripting@1.7.8\Editor\VisualScripting.Core\Dependencies\DotNetZip\Unity.VisualScripting.IonicZip.dll
Native extension for WindowsStandalone target not found
Native extension for Android target not found
Refreshing native plugins compatible for Editor in 0.84 ms, found 3 plugins.
Preloading 0 native plugins for Editor in 0.00 ms.
Mono: successfully reloaded assembly
- Completed reload, in  1.046 seconds
Domain Reload Profiling:
	ReloadAssembly (1046ms)
		BeginReloadAssembly (120ms)
			ExecutionOrderSort (0ms)
			DisableScriptedObjects (7ms)
			BackupInstance (0ms)
			ReleaseScriptingObjects (0ms)
			CreateAndSetChildDomain (41ms)
		EndReloadAssembly (842ms)
			LoadAssemblies (69ms)
			RebuildTransferFunctionScriptingTraits (0ms)
			SetupTypeCache (240ms)
			ReleaseScriptCaches (1ms)
			RebuildScriptCaches (38ms)
			SetupLoadedEditorAssemblies (374ms)
				LogAssemblyErrors (0ms)
				InitializePlatformSupportModulesInManaged (18ms)
				SetLoadedEditorAssemblies (0ms)
				RefreshPlugins (1ms)
				BeforeProcessingInitializeOnLoad (71ms)
				ProcessInitializeOnLoadAttributes (202ms)
				ProcessInitializeOnLoadMethodAttributes (77ms)
				AfterProcessingInitializeOnLoad (6ms)
				EditorAssembliesLoaded (0ms)
			ExecutionOrderSort2 (0ms)
			AwakeInstancesAfterBackupRestoration (20ms)
Platform modules already initialized, skipping
Refreshing native plugins compatible for Editor in 3.39 ms, found 3 plugins.
Preloading 0 native plugins for Editor in 0.00 ms.
Unloading 4903 Unused Serialized files (Serialized files now loaded: 0)
Unloading 27 unused Assets / (0.7 MB). Loaded Objects now: 5571.
Memory consumption went from 195.5 MB to 194.8 MB.
Total: 6.671800 ms (FindLiveObjects: 1.078800 ms CreateObjectMapping: 0.428600 ms MarkObjects: 4.233400 ms  DeleteObjects: 0.928000 ms)

AssetImportParameters requested are different than current active one (requested -> active):
  custom:video-decoder-ogg-theora: a1e56fd34408186e4bbccfd4996cb3dc -> 
  custom:container-muxer-webm: aa71ff27fc2769a1b78a27578f13a17b -> 
  custom:container-demuxer-webm: 4f35f7cbe854078d1ac9338744f61a02 -> 
  custom:video-encoder-webm-vp8: eb34c28f22e8b96e1ab97ce403110664 -> 
  custom:audio-encoder-webm-vorbis: bf7c407c2cedff20999df2af8eb42d56 -> 
  custom:framework-win-MediaFoundation: 216162199b28c13a410421893ffa2e32 -> 
  custom:container-demuxer-ogg: 62fdf1f143b41e24485cea50d1cbac27 -> 
  custom:video-decoder-webm-vp8: 9c59270c3fd7afecdb556c50c9e8de78 -> 
  custom:audio-decoder-ogg-vorbis: bf7c407c2cedff20999df2af8eb42d56 -> 
========================================================================
Received Prepare
Registering precompiled user dll's ...
Registered in 0.003546 seconds.
