Using pre-set license
Built from '2021.3/staging' branch; Version is '2021.3.6f1 (7da38d85baf6) revision 8233869'; Using compiler version '192829333'; Build Type 'Release'
OS: 'Windows 11  (10.0.22621) 64bit CoreSingleLanguage' Language: 'en' Physical Memory: 8013 MB
BatchMode: 1, IsHumanControllingUs: 0, StartBugReporterOnCrash: 0, Is64bit: 1, IsPro: 1

COMMAND LINE ARGUMENTS:
C:\Program Files\Unity\Hub\Editor\2021.3.6f1\Editor\Unity.exe
-adb2
-batchMode
-noUpm
-name
AssetImportWorker0
-projectPath
D:/UnityEdit/gameProject
-logFile
Logs/AssetImportWorker0.log
-srvPort
64492
Successfully changed project path to: D:/UnityEdit/gameProject
D:/UnityEdit/gameProject
[UnityMemory] Configuration Parameters - Can be set up in boot.config
    "memorysetup-bucket-allocator-granularity=16"
    "memorysetup-bucket-allocator-bucket-count=8"
    "memorysetup-bucket-allocator-block-size=33554432"
    "memorysetup-bucket-allocator-block-count=8"
    "memorysetup-main-allocator-block-size=16777216"
    "memorysetup-thread-allocator-block-size=16777216"
    "memorysetup-gfx-main-allocator-block-size=16777216"
    "memorysetup-gfx-thread-allocator-block-size=16777216"
    "memorysetup-cache-allocator-block-size=4194304"
    "memorysetup-typetree-allocator-block-size=2097152"
    "memorysetup-profiler-bucket-allocator-granularity=16"
    "memorysetup-profiler-bucket-allocator-bucket-count=8"
    "memorysetup-profiler-bucket-allocator-block-size=33554432"
    "memorysetup-profiler-bucket-allocator-block-count=8"
    "memorysetup-profiler-allocator-block-size=16777216"
    "memorysetup-profiler-editor-allocator-block-size=1048576"
    "memorysetup-temp-allocator-size-main=16777216"
    "memorysetup-job-temp-allocator-block-size=2097152"
    "memorysetup-job-temp-allocator-block-size-background=1048576"
    "memorysetup-job-temp-allocator-reduction-small-platforms=262144"
    "memorysetup-temp-allocator-size-background-worker=32768"
    "memorysetup-temp-allocator-size-job-worker=262144"
    "memorysetup-temp-allocator-size-preload-manager=33554432"
    "memorysetup-temp-allocator-size-nav-mesh-worker=65536"
    "memorysetup-temp-allocator-size-audio-worker=65536"
    "memorysetup-temp-allocator-size-cloud-worker=32768"
    "memorysetup-temp-allocator-size-gi-baking-worker=262144"
    "memorysetup-temp-allocator-size-gfx=262144"
Refreshing native plugins compatible for Editor in 104.01 ms, found 3 plugins.
Preloading 0 native plugins for Editor in 0.00 ms.
Initialize engine version: 2021.3.6f1 (7da38d85baf6)
[Subsystems] Discovering subsystems at path C:/Program Files/Unity/Hub/Editor/2021.3.6f1/Editor/Data/Resources/UnitySubsystems
[Subsystems] Discovering subsystems at path D:/UnityEdit/gameProject/Assets
GfxDevice: creating device client; threaded=0; jobified=0
Direct3D:
    Version:  Direct3D 11.0 [level 11.1]
    Renderer: NVIDIA GeForce GTX 1650 with Max-Q Design (ID=0x1f9d)
    Vendor:   NVIDIA
    VRAM:     3962 MB
    Driver:   31.0.15.1659
Initialize mono
Mono path[0] = 'C:/Program Files/Unity/Hub/Editor/2021.3.6f1/Editor/Data/Managed'
Mono path[1] = 'C:/Program Files/Unity/Hub/Editor/2021.3.6f1/Editor/Data/MonoBleedingEdge/lib/mono/unityjit-win32'
Mono config path = 'C:/Program Files/Unity/Hub/Editor/2021.3.6f1/Editor/Data/MonoBleedingEdge/etc'
Using monoOptions --debugger-agent=transport=dt_socket,embedding=1,server=y,suspend=n,address=127.0.0.1:56628
Begin MonoManager ReloadAssembly
Registering precompiled unity dll's ...
Register platform support module: C:/Program Files/Unity/Hub/Editor/2021.3.6f1/Editor/Data/PlaybackEngines/AndroidPlayer/UnityEditor.Android.Extensions.dll
Register platform support module: C:/Program Files/Unity/Hub/Editor/2021.3.6f1/Editor/Data/PlaybackEngines/WindowsStandaloneSupport/UnityEditor.WindowsStandalone.Extensions.dll
Registered in 0.007072 seconds.
Native extension for WindowsStandalone target not found
Native extension for Android target not found
Refreshing native plugins compatible for Editor in 122.17 ms, found 3 plugins.
Preloading 0 native plugins for Editor in 0.00 ms.
Mono: successfully reloaded assembly
- Completed reload, in  0.828 seconds
Domain Reload Profiling:
	ReloadAssembly (828ms)
		BeginReloadAssembly (73ms)
			ExecutionOrderSort (0ms)
			DisableScriptedObjects (0ms)
			BackupInstance (0ms)
			ReleaseScriptingObjects (0ms)
			CreateAndSetChildDomain (1ms)
		EndReloadAssembly (633ms)
			LoadAssemblies (71ms)
			RebuildTransferFunctionScriptingTraits (0ms)
			SetupTypeCache (122ms)
			ReleaseScriptCaches (0ms)
			RebuildScriptCaches (30ms)
			SetupLoadedEditorAssemblies (426ms)
				LogAssemblyErrors (0ms)
				InitializePlatformSupportModulesInManaged (59ms)
				SetLoadedEditorAssemblies (0ms)
				RefreshPlugins (122ms)
				BeforeProcessingInitializeOnLoad (3ms)
				ProcessInitializeOnLoadAttributes (180ms)
				ProcessInitializeOnLoadMethodAttributes (60ms)
				AfterProcessingInitializeOnLoad (0ms)
				EditorAssembliesLoaded (0ms)
			ExecutionOrderSort2 (0ms)
			AwakeInstancesAfterBackupRestoration (0ms)
Platform modules already initialized, skipping
Registering precompiled user dll's ...
Registered in 0.005685 seconds.
Android Extension - Scanning For ADB Devices 4280 ms
Begin MonoManager ReloadAssembly
Symbol file LoadedFromMemory doesn't match image D:\UnityEdit\gameProject\Library\PackageCache\com.unity.visualscripting@1.7.8\Editor\VisualScripting.Core\Dependencies\YamlDotNet\Unity.VisualScripting.YamlDotNet.dll
Symbol file LoadedFromMemory doesn't match image D:\UnityEdit\gameProject\Library\PackageCache\com.unity.visualscripting@1.7.8\Editor\VisualScripting.Core\Dependencies\DotNetZip\Unity.VisualScripting.IonicZip.dll
Native extension for WindowsStandalone target not found
Native extension for Android target not found
Refreshing native plugins compatible for Editor in 95.53 ms, found 3 plugins.
Preloading 0 native plugins for Editor in 0.00 ms.
Mono: successfully reloaded assembly
- Completed reload, in  3.523 seconds
Domain Reload Profiling:
	ReloadAssembly (3524ms)
		BeginReloadAssembly (91ms)
			ExecutionOrderSort (0ms)
			DisableScriptedObjects (5ms)
			BackupInstance (0ms)
			ReleaseScriptingObjects (0ms)
			CreateAndSetChildDomain (18ms)
		EndReloadAssembly (3320ms)
			LoadAssemblies (2345ms)
			RebuildTransferFunctionScriptingTraits (0ms)
			SetupTypeCache (259ms)
			ReleaseScriptCaches (1ms)
			RebuildScriptCaches (64ms)
			SetupLoadedEditorAssemblies (570ms)
				LogAssemblyErrors (0ms)
				InitializePlatformSupportModulesInManaged (11ms)
				SetLoadedEditorAssemblies (0ms)
				RefreshPlugins (96ms)
				BeforeProcessingInitializeOnLoad (112ms)
				ProcessInitializeOnLoadAttributes (258ms)
				ProcessInitializeOnLoadMethodAttributes (87ms)
				AfterProcessingInitializeOnLoad (6ms)
				EditorAssembliesLoaded (0ms)
			ExecutionOrderSort2 (0ms)
			AwakeInstancesAfterBackupRestoration (5ms)
Platform modules already initialized, skipping
========================================================================
Worker process is ready to serve import requests
Launched and connected shader compiler UnityShaderCompiler.exe after 0.05 seconds
Refreshing native plugins compatible for Editor in 1.02 ms, found 3 plugins.
Preloading 0 native plugins for Editor in 0.00 ms.
Unloading 5019 Unused Serialized files (Serialized files now loaded: 0)
Unloading 34 unused Assets / (0.7 MB). Loaded Objects now: 5471.
Memory consumption went from 195.7 MB to 195.0 MB.
Total: 4.379600 ms (FindLiveObjects: 0.415400 ms CreateObjectMapping: 0.386200 ms MarkObjects: 3.295000 ms  DeleteObjects: 0.282300 ms)

AssetImportParameters requested are different than current active one (requested -> active):
  custom:video-decoder-ogg-theora: a1e56fd34408186e4bbccfd4996cb3dc -> 
  custom:container-muxer-webm: aa71ff27fc2769a1b78a27578f13a17b -> 
  custom:container-demuxer-webm: 4f35f7cbe854078d1ac9338744f61a02 -> 
  custom:video-encoder-webm-vp8: eb34c28f22e8b96e1ab97ce403110664 -> 
  custom:audio-encoder-webm-vorbis: bf7c407c2cedff20999df2af8eb42d56 -> 
  custom:framework-win-MediaFoundation: 216162199b28c13a410421893ffa2e32 -> 
  custom:container-demuxer-ogg: 62fdf1f143b41e24485cea50d1cbac27 -> 
  custom:video-decoder-webm-vp8: 9c59270c3fd7afecdb556c50c9e8de78 -> 
  custom:audio-decoder-ogg-vorbis: bf7c407c2cedff20999df2af8eb42d56 -> 
========================================================================
Received Import Request.
  Time since last request: 826.983209 seconds.
  path: Assets/Readme.asset
  artifactKey: Guid(8105016687592461f977c054a80ce2f2) Importer(815301076,1909f56bfc062723c751e8b465ee728b)
Start importing Assets/Readme.asset using Guid(8105016687592461f977c054a80ce2f2) Importer(815301076,1909f56bfc062723c751e8b465ee728b)  -> (artifact id: '0f2f2b655bf21bdea72856b1c39a4a32') in 0.045501 seconds 
========================================================================
Received Import Request.
  Time since last request: 209.062971 seconds.
  path: Assets/Player/ninja/@Dancing Twerk.fbx
  artifactKey: Guid(b0837c541bbe49244bf48453dec2201e) Importer(815301076,1909f56bfc062723c751e8b465ee728b)
Start importing Assets/Player/ninja/@Dancing Twerk.fbx using Guid(b0837c541bbe49244bf48453dec2201e) Importer(815301076,1909f56bfc062723c751e8b465ee728b)  -> (artifact id: '7afb7a0537de10ca8b7f5f86c61fb00c') in 0.069042 seconds 
========================================================================
Received Import Request.
  Time since last request: 0.000046 seconds.
  path: Assets/Player/ninja/ninjaRaiseWater_spell.fbx
  artifactKey: Guid(85b80663c21add64c8fcb6ca7b2256f8) Importer(815301076,1909f56bfc062723c751e8b465ee728b)
Start importing Assets/Player/ninja/ninjaRaiseWater_spell.fbx using Guid(85b80663c21add64c8fcb6ca7b2256f8) Importer(815301076,1909f56bfc062723c751e8b465ee728b)  -> (artifact id: '58fd08476a25c915db4529dd8c9a475c') in 0.084874 seconds 
========================================================================
Received Import Request.
  Time since last request: 0.000028 seconds.
  path: Assets/Player/ninja/fireballHAAAAAAAAAA.fbx
  artifactKey: Guid(346091b512c32bc439667be91360b8c7) Importer(815301076,1909f56bfc062723c751e8b465ee728b)
Start importing Assets/Player/ninja/fireballHAAAAAAAAAA.fbx using Guid(346091b512c32bc439667be91360b8c7) Importer(815301076,1909f56bfc062723c751e8b465ee728b)  -> (artifact id: 'ead0b3b3efaa879ad4029ee5d236c9ff') in 0.013683 seconds 
========================================================================
Received Import Request.
  Time since last request: 0.000016 seconds.
  path: Assets/Player/ninja/ninjaIdle.fbx
  artifactKey: Guid(515cf148308df6e439099316d74c6a12) Importer(815301076,1909f56bfc062723c751e8b465ee728b)
Start importing Assets/Player/ninja/ninjaIdle.fbx using Guid(515cf148308df6e439099316d74c6a12) Importer(815301076,1909f56bfc062723c751e8b465ee728b)  -> (artifact id: '8681dd7bac9b70994d13e225737f2619') in 0.009947 seconds 
========================================================================
Received Import Request.
  Time since last request: 0.000025 seconds.
  path: Assets/Player/ninja/Y Bot@Cross Punch.fbx
  artifactKey: Guid(64616d1f082f27f46988f43dd7d229fd) Importer(815301076,1909f56bfc062723c751e8b465ee728b)
Start importing Assets/Player/ninja/Y Bot@Cross Punch.fbx using Guid(64616d1f082f27f46988f43dd7d229fd) Importer(815301076,1909f56bfc062723c751e8b465ee728b)  -> (artifact id: '63647a650ce1ebaa8008e990bd140a17') in 0.014221 seconds 
========================================================================
Received Import Request.
  Time since last request: 0.000025 seconds.
  path: Assets/Player/ninja/kickDeflect(when Sharingan).fbx
  artifactKey: Guid(7bbab38017016f1469c169b308523351) Importer(815301076,1909f56bfc062723c751e8b465ee728b)
Start importing Assets/Player/ninja/kickDeflect(when Sharingan).fbx using Guid(7bbab38017016f1469c169b308523351) Importer(815301076,1909f56bfc062723c751e8b465ee728b)  -> (artifact id: '8a349aa3e12264700778b071c349ea89') in 0.013536 seconds 
========================================================================
Received Import Request.
  Time since last request: 0.000020 seconds.
  path: Assets/Player/ninja/Y Bot@Slash Advance{raise wall}.fbx
  artifactKey: Guid(4fc46099ac0c4da488a5d9bec30e9330) Importer(815301076,1909f56bfc062723c751e8b465ee728b)
Start importing Assets/Player/ninja/Y Bot@Slash Advance{raise wall}.fbx using Guid(4fc46099ac0c4da488a5d9bec30e9330) Importer(815301076,1909f56bfc062723c751e8b465ee728b)  -> (artifact id: '0ce11436f65637a2499b7c2d0e5c3d6f') in 0.011615 seconds 
========================================================================
Received Import Request.
  Time since last request: 0.000016 seconds.
  path: Assets/Player/ninja/oneHandKamehameha_spell.fbx
  artifactKey: Guid(62eebf34f22bba444a0edcc190bc8047) Importer(815301076,1909f56bfc062723c751e8b465ee728b)
Start importing Assets/Player/ninja/oneHandKamehameha_spell.fbx using Guid(62eebf34f22bba444a0edcc190bc8047) Importer(815301076,1909f56bfc062723c751e8b465ee728b)  -> (artifact id: 'd5076cd403609693b89cf22b2d740c79') in 0.013160 seconds 
========================================================================
Received Import Request.
  Time since last request: 0.000029 seconds.
  path: Assets/Player/ninja/kamehameha.fbx
  artifactKey: Guid(04814fddac7fb554783b8bade4223ae2) Importer(815301076,1909f56bfc062723c751e8b465ee728b)
Start importing Assets/Player/ninja/kamehameha.fbx using Guid(04814fddac7fb554783b8bade4223ae2) Importer(815301076,1909f56bfc062723c751e8b465ee728b)  -> (artifact id: 'e881f049f488b9590205dfbb0188dc8e') in 0.014171 seconds 
========================================================================
Received Import Request.
  Time since last request: 0.000023 seconds.
  path: Assets/Player/ninja/lightningSummon_spell.fbx
  artifactKey: Guid(e725922e679df224aa3d07508d2b05cc) Importer(815301076,1909f56bfc062723c751e8b465ee728b)
Start importing Assets/Player/ninja/lightningSummon_spell.fbx using Guid(e725922e679df224aa3d07508d2b05cc) Importer(815301076,1909f56bfc062723c751e8b465ee728b)  -> (artifact id: '6b29703e314a6723f64a75a75bab0336') in 0.012269 seconds 
========================================================================
Received Import Request.
  Time since last request: 0.000020 seconds.
  path: Assets/Player/ninja/ninjaWalk.fbx
  artifactKey: Guid(c313b772e84a4cc4aba7f0e390eb0b30) Importer(815301076,1909f56bfc062723c751e8b465ee728b)
Start importing Assets/Player/ninja/ninjaWalk.fbx using Guid(c313b772e84a4cc4aba7f0e390eb0b30) Importer(815301076,1909f56bfc062723c751e8b465ee728b)  -> (artifact id: '577fee7eba64e5e031131ddb8d2f4744') in 0.013433 seconds 
========================================================================
Received Import Request.
  Time since last request: 0.000020 seconds.
  path: Assets/Player/ninja/fastPunches.fbx
  artifactKey: Guid(08f847087fc0b6b419b627951c888544) Importer(815301076,1909f56bfc062723c751e8b465ee728b)
Start importing Assets/Player/ninja/fastPunches.fbx using Guid(08f847087fc0b6b419b627951c888544) Importer(815301076,1909f56bfc062723c751e8b465ee728b)  -> (artifact id: '813107b2ed483c12a8613d5f6fb864a7') in 0.009388 seconds 
========================================================================
Received Import Request.
  Time since last request: 0.000020 seconds.
  path: Assets/Player/ninja/powerUp.fbx
  artifactKey: Guid(463825a181a3e994b8cd111a0aafb5eb) Importer(815301076,1909f56bfc062723c751e8b465ee728b)
Start importing Assets/Player/ninja/powerUp.fbx using Guid(463825a181a3e994b8cd111a0aafb5eb) Importer(815301076,1909f56bfc062723c751e8b465ee728b)  -> (artifact id: 'b77ecf5a1a2f514bf14d0552aa49894a') in 0.010408 seconds 
========================================================================
Received Import Request.
  Time since last request: 2.054584 seconds.
  path: Assets/Player/ninja
  artifactKey: Guid(95c7243efc51c1c49a6f03d7ef4cf96f) Importer(815301076,1909f56bfc062723c751e8b465ee728b)
Start importing Assets/Player/ninja using Guid(95c7243efc51c1c49a6f03d7ef4cf96f) Importer(815301076,1909f56bfc062723c751e8b465ee728b)  -> (artifact id: '7ad98b64ae3df10a61190f24e1198c84') in 0.005735 seconds 
========================================================================
Received Import Request.
  Time since last request: 114.685479 seconds.
  path: Assets/Player/ninja/ninjaTpose.fbx
  artifactKey: Guid(2955f78150fed524e97802686943762c) Importer(815301076,1909f56bfc062723c751e8b465ee728b)
Start importing Assets/Player/ninja/ninjaTpose.fbx using Guid(2955f78150fed524e97802686943762c) Importer(815301076,1909f56bfc062723c751e8b465ee728b)  -> (artifact id: '506399b9651f622064faf09e448493d9') in 1.740541 seconds 
========================================================================
Received Import Request.
  Time since last request: 4.653091 seconds.
  path: Assets/Player/ninja/ninjaTpose.fbx
  artifactKey: Guid(2955f78150fed524e97802686943762c) Importer(815301076,1909f56bfc062723c751e8b465ee728b)
Start importing Assets/Player/ninja/ninjaTpose.fbx using Guid(2955f78150fed524e97802686943762c) Importer(815301076,1909f56bfc062723c751e8b465ee728b)  -> (artifact id: 'b76099d901f00575299bae0665d3b1cc') in 0.034870 seconds 
========================================================================
Received Import Request.
  Time since last request: 0.109701 seconds.
  path: Assets/Player/ninja/Ch24_Body.mat
  artifactKey: Guid(72754e2df4bb068408ca5598fa066b92) Importer(815301076,1909f56bfc062723c751e8b465ee728b)
Start importing Assets/Player/ninja/Ch24_Body.mat using Guid(72754e2df4bb068408ca5598fa066b92) Importer(815301076,1909f56bfc062723c751e8b465ee728b)  -> (artifact id: '6f5cd115ede76b638ecf6133431c8cbf') in 0.433479 seconds 
========================================================================
Received Import Request.
  Time since last request: 110.401365 seconds.
  path: Assets/Player
  artifactKey: Guid(b7f427efc83bc2d4495887f6684e5246) Importer(815301076,1909f56bfc062723c751e8b465ee728b)
Start importing Assets/Player using Guid(b7f427efc83bc2d4495887f6684e5246) Importer(815301076,1909f56bfc062723c751e8b465ee728b)  -> (artifact id: '8ffe358ef18d56e950934fa5c7cce1e1') in 0.005227 seconds 
========================================================================
Received Import Request.
  Time since last request: 75.167765 seconds.
  path: Assets/Player/ninja/ninjaTpose.fbx
  artifactKey: Guid(2955f78150fed524e97802686943762c) Importer(815301076,1909f56bfc062723c751e8b465ee728b)
Start importing Assets/Player/ninja/ninjaTpose.fbx using Guid(2955f78150fed524e97802686943762c) Importer(815301076,1909f56bfc062723c751e8b465ee728b)  -> (artifact id: '6ac1b2c10511649e425b43bd41c4baf7') in 2.670431 seconds 
========================================================================
Received Import Request.
  Time since last request: 8.041591 seconds.
  path: Assets/Player/ninja/Ch24_1001_Normal.png
  artifactKey: Guid(f4ac6820e4f535f42b07f85e7ce41368) Importer(815301076,1909f56bfc062723c751e8b465ee728b)
Start importing Assets/Player/ninja/Ch24_1001_Normal.png using Guid(f4ac6820e4f535f42b07f85e7ce41368) Importer(815301076,1909f56bfc062723c751e8b465ee728b)  -> (artifact id: '94ea75bb9a3debbda91d1006fb398584') in 0.071148 seconds 
========================================================================
Received Prepare
Registering precompiled user dll's ...
Registered in 0.003650 seconds.
Begin MonoManager ReloadAssembly
Symbol file LoadedFromMemory doesn't match image D:\UnityEdit\gameProject\Library\PackageCache\com.unity.visualscripting@1.7.8\Editor\VisualScripting.Core\Dependencies\YamlDotNet\Unity.VisualScripting.YamlDotNet.dll
Symbol file LoadedFromMemory doesn't match image D:\UnityEdit\gameProject\Library\PackageCache\com.unity.visualscripting@1.7.8\Editor\VisualScripting.Core\Dependencies\DotNetZip\Unity.VisualScripting.IonicZip.dll
Native extension for WindowsStandalone target not found
Native extension for Android target not found
Refreshing native plugins compatible for Editor in 0.74 ms, found 3 plugins.
Preloading 0 native plugins for Editor in 0.00 ms.
Mono: successfully reloaded assembly
- Completed reload, in  1.043 seconds
Domain Reload Profiling:
	ReloadAssembly (1044ms)
		BeginReloadAssembly (118ms)
			ExecutionOrderSort (0ms)
			DisableScriptedObjects (7ms)
			BackupInstance (0ms)
			ReleaseScriptingObjects (0ms)
			CreateAndSetChildDomain (38ms)
		EndReloadAssembly (835ms)
			LoadAssemblies (68ms)
			RebuildTransferFunctionScriptingTraits (0ms)
			SetupTypeCache (240ms)
			ReleaseScriptCaches (1ms)
			RebuildScriptCaches (38ms)
			SetupLoadedEditorAssemblies (374ms)
				LogAssemblyErrors (0ms)
				InitializePlatformSupportModulesInManaged (17ms)
				SetLoadedEditorAssemblies (0ms)
				RefreshPlugins (1ms)
				BeforeProcessingInitializeOnLoad (71ms)
				ProcessInitializeOnLoadAttributes (199ms)
				ProcessInitializeOnLoadMethodAttributes (79ms)
				AfterProcessingInitializeOnLoad (6ms)
				EditorAssembliesLoaded (0ms)
			ExecutionOrderSort2 (0ms)
			AwakeInstancesAfterBackupRestoration (20ms)
Platform modules already initialized, skipping
Refreshing native plugins compatible for Editor in 3.29 ms, found 3 plugins.
Preloading 0 native plugins for Editor in 0.00 ms.
Unloading 4903 Unused Serialized files (Serialized files now loaded: 0)
Unloading 27 unused Assets / (0.7 MB). Loaded Objects now: 5572.
Memory consumption went from 195.5 MB to 194.9 MB.
Total: 7.055400 ms (FindLiveObjects: 1.186300 ms CreateObjectMapping: 0.458900 ms MarkObjects: 4.958900 ms  DeleteObjects: 0.450200 ms)

AssetImportParameters requested are different than current active one (requested -> active):
  custom:video-decoder-ogg-theora: a1e56fd34408186e4bbccfd4996cb3dc -> 
  custom:container-muxer-webm: aa71ff27fc2769a1b78a27578f13a17b -> 
  custom:container-demuxer-webm: 4f35f7cbe854078d1ac9338744f61a02 -> 
  custom:video-encoder-webm-vp8: eb34c28f22e8b96e1ab97ce403110664 -> 
  custom:audio-encoder-webm-vorbis: bf7c407c2cedff20999df2af8eb42d56 -> 
  custom:framework-win-MediaFoundation: 216162199b28c13a410421893ffa2e32 -> 
  custom:container-demuxer-ogg: 62fdf1f143b41e24485cea50d1cbac27 -> 
  custom:video-decoder-webm-vp8: 9c59270c3fd7afecdb556c50c9e8de78 -> 
  custom:audio-decoder-ogg-vorbis: bf7c407c2cedff20999df2af8eb42d56 -> 
========================================================================
Received Import Request.
  Time since last request: 240.610860 seconds.
  path: Assets/Player/ninja/basicJump.fbx
  artifactKey: Guid(18a6ee78196af50419ab9db4ae300541) Importer(815301076,1909f56bfc062723c751e8b465ee728b)
Start importing Assets/Player/ninja/basicJump.fbx using Guid(18a6ee78196af50419ab9db4ae300541) Importer(815301076,1909f56bfc062723c751e8b465ee728b)  -> (artifact id: '9852b4e4707475ff0fafc493f7b0b79c') in 0.047253 seconds 
========================================================================
Received Import Request.
  Time since last request: 27.005704 seconds.
  path: Assets/Player/ninja/ninjaTpose.fbx
  artifactKey: Guid(2955f78150fed524e97802686943762c) Importer(815301076,1909f56bfc062723c751e8b465ee728b)
Start importing Assets/Player/ninja/ninjaTpose.fbx using Guid(2955f78150fed524e97802686943762c) Importer(815301076,1909f56bfc062723c751e8b465ee728b)  -> (artifact id: '76fde53399b876855ac564d57660343e') in 0.263770 seconds 
========================================================================
Received Import Request.
  Time since last request: 11.139291 seconds.
  path: Assets/Player/ninja/blockIdle.fbx
  artifactKey: Guid(67edaa3f6ddb21044b6cd75665f1ab21) Importer(815301076,1909f56bfc062723c751e8b465ee728b)
Start importing Assets/Player/ninja/blockIdle.fbx using Guid(67edaa3f6ddb21044b6cd75665f1ab21) Importer(815301076,1909f56bfc062723c751e8b465ee728b)  -> (artifact id: '43f9d9c0d640139deda34f838f662684') in 0.013589 seconds 
========================================================================
Received Import Request.
  Time since last request: 32.040796 seconds.
  path: Assets/Player/ninja/blockIdle.fbx
  artifactKey: Guid(67edaa3f6ddb21044b6cd75665f1ab21) Importer(815301076,1909f56bfc062723c751e8b465ee728b)
Start importing Assets/Player/ninja/blockIdle.fbx using Guid(67edaa3f6ddb21044b6cd75665f1ab21) Importer(815301076,1909f56bfc062723c751e8b465ee728b)  -> (artifact id: '66425e094b01c3afe7b4ea4a34b88dae') in 0.013383 seconds 
========================================================================
Received Import Request.
  Time since last request: 16.103322 seconds.
  path: Assets/Player/ninja/basicJump.fbx
  artifactKey: Guid(18a6ee78196af50419ab9db4ae300541) Importer(815301076,1909f56bfc062723c751e8b465ee728b)
Start importing Assets/Player/ninja/basicJump.fbx using Guid(18a6ee78196af50419ab9db4ae300541) Importer(815301076,1909f56bfc062723c751e8b465ee728b)  -> (artifact id: 'a267ca222a12dd7a5c5858d426c9f9ca') in 0.010662 seconds 
========================================================================
Received Import Request.
  Time since last request: 49.776828 seconds.
  path: Assets/Player/ninja/ninjaWalk.fbx
  artifactKey: Guid(c313b772e84a4cc4aba7f0e390eb0b30) Importer(815301076,1909f56bfc062723c751e8b465ee728b)
Start importing Assets/Player/ninja/ninjaWalk.fbx using Guid(c313b772e84a4cc4aba7f0e390eb0b30) Importer(815301076,1909f56bfc062723c751e8b465ee728b)  -> (artifact id: '840e22b4a6a69746cccb90bc6b9b37b6') in 0.007390 seconds 
========================================================================
Received Import Request.
  Time since last request: 14.092950 seconds.
  path: Assets/Player/ninja/ninjaRun.fbx
  artifactKey: Guid(f389314cd2d8f7b40b5e4aee828963e9) Importer(815301076,1909f56bfc062723c751e8b465ee728b)
Start importing Assets/Player/ninja/ninjaRun.fbx using Guid(f389314cd2d8f7b40b5e4aee828963e9) Importer(815301076,1909f56bfc062723c751e8b465ee728b)  -> (artifact id: '2b7ab1ae143340e22e24a6f64eaf701b') in 0.014368 seconds 
========================================================================
Received Import Request.
  Time since last request: 50.059416 seconds.
  path: Assets/Player/ninja/ninjaRunJump.fbx
  artifactKey: Guid(bd6c45803d3ea45458b4ae7e0ec3ad77) Importer(815301076,1909f56bfc062723c751e8b465ee728b)
Start importing Assets/Player/ninja/ninjaRunJump.fbx using Guid(bd6c45803d3ea45458b4ae7e0ec3ad77) Importer(815301076,1909f56bfc062723c751e8b465ee728b)  -> (artifact id: '1006d24a2410c16120b54eddf1587183') in 0.009995 seconds 
========================================================================
Received Import Request.
  Time since last request: 16.670746 seconds.
  path: Assets/Player/ninja/ninjaRun.fbx
  artifactKey: Guid(f389314cd2d8f7b40b5e4aee828963e9) Importer(815301076,1909f56bfc062723c751e8b465ee728b)
Start importing Assets/Player/ninja/ninjaRun.fbx using Guid(f389314cd2d8f7b40b5e4aee828963e9) Importer(815301076,1909f56bfc062723c751e8b465ee728b)  -> (artifact id: 'e1b72c7e562be92547cf785c2af6b109') in 0.006990 seconds 
========================================================================
Received Import Request.
  Time since last request: 10.974549 seconds.
  path: Assets/Player/ninja/ninjaIdle.fbx
  artifactKey: Guid(515cf148308df6e439099316d74c6a12) Importer(815301076,1909f56bfc062723c751e8b465ee728b)
Start importing Assets/Player/ninja/ninjaIdle.fbx using Guid(515cf148308df6e439099316d74c6a12) Importer(815301076,1909f56bfc062723c751e8b465ee728b)  -> (artifact id: 'bbc127ba046c1c2e0b5304a319482fec') in 0.009522 seconds 
========================================================================
Received Import Request.
  Time since last request: 18.572095 seconds.
  path: Assets/Player/ninja/ninjaIdle.fbx
  artifactKey: Guid(515cf148308df6e439099316d74c6a12) Importer(815301076,1909f56bfc062723c751e8b465ee728b)
Start importing Assets/Player/ninja/ninjaIdle.fbx using Guid(515cf148308df6e439099316d74c6a12) Importer(815301076,1909f56bfc062723c751e8b465ee728b)  -> (artifact id: '6fbe7d7ec9e1305e19c640e465e32148') in 0.010987 seconds 
========================================================================
Received Import Request.
  Time since last request: 79.696705 seconds.
  path: Assets/Player/ninja/powerUp.fbx
  artifactKey: Guid(463825a181a3e994b8cd111a0aafb5eb) Importer(815301076,1909f56bfc062723c751e8b465ee728b)
Start importing Assets/Player/ninja/powerUp.fbx using Guid(463825a181a3e994b8cd111a0aafb5eb) Importer(815301076,1909f56bfc062723c751e8b465ee728b)  -> (artifact id: '30b7066f43d5c669ae859030d90e3379') in 0.011124 seconds 
========================================================================
Received Import Request.
  Time since last request: 11.302244 seconds.
  path: Assets/Player/ninja/powerUp.fbx
  artifactKey: Guid(463825a181a3e994b8cd111a0aafb5eb) Importer(815301076,1909f56bfc062723c751e8b465ee728b)
Start importing Assets/Player/ninja/powerUp.fbx using Guid(463825a181a3e994b8cd111a0aafb5eb) Importer(815301076,1909f56bfc062723c751e8b465ee728b)  -> (artifact id: '1622279ab8cda7a88c47baf2dd6bc499') in 0.008033 seconds 
========================================================================
Received Import Request.
  Time since last request: 20.070998 seconds.
  path: Assets/Player/ninja/throwShuriken.fbx
  artifactKey: Guid(185b949274f2d8f46936d9dad6eb186d) Importer(815301076,1909f56bfc062723c751e8b465ee728b)
Start importing Assets/Player/ninja/throwShuriken.fbx using Guid(185b949274f2d8f46936d9dad6eb186d) Importer(815301076,1909f56bfc062723c751e8b465ee728b)  -> (artifact id: 'e8294f7837afafeec0c0e32bcedee13e') in 0.010771 seconds 
========================================================================
Received Prepare
Registering precompiled user dll's ...
Registered in 0.004431 seconds.
